         w __deregister_frame_info
         w __register_frame_info
         w __syscall_lock_close_recursive
         w userAppExit
         w userAppInit
00000000 00000401 B __ctru_dev_path_buf
00000000 b _TLS_MODULE_BASE_
00000000 a shift
00000000 a shift
00000404 00000802 B __ctru_dev_utf16_buf
00100000 A __start__
00100000 T _start
00100008 T __service_ptr
0010000c T __apt_appid
00100010 T __heap_size
00100014 T __linear_heap_size
00100018 T __system_arglist
0010001c T __system_runflags
00100020 t startup
00100058 t ClearMem
0010006c t ClrLoop
00100094 T _init
001000ac T __aeabi_idiv
001000ac 00000220 T __divsi3
001000b4 t .divsi3_skip_div0_test
001002cc 00000020 T __aeabi_idivmod
001002ec 00000004 W __aeabi_idiv0
001002ec 00000004 W __aeabi_ldiv0
001002f0 T __aeabi_uldivmod
00100348 00000390 T strcmp
001006d0 t .udivsi3_skip_div0_test
001006d0 T __aeabi_uidiv
001006d0 000001ec T __udivsi3
001008bc 00000020 T __aeabi_uidivmod
001008dc T __aeabi_drsub
001008e4 000002b0 T __aeabi_dsub
001008e4 000002b0 T __subdf3
001008e8 000002ac T __adddf3
001008e8 000002ac T __aeabi_dadd
00100b94 00000024 T __aeabi_ui2d
00100b94 00000024 T __floatunsidf
00100bb8 00000028 T __aeabi_i2d
00100bb8 00000028 T __floatsidf
00100be0 00000048 T __aeabi_f2d
00100be0 00000048 T __extendsfdf2
00100c28 00000074 T __aeabi_ul2d
00100c28 00000074 T __floatundidf
00100c3c 00000060 T __aeabi_l2d
00100c3c 00000060 T __floatdidf
00100c9c t __do_global_dtors_aux
00100cdc t frame_dummy
00100d08 0000005c T main
00100d64 00000204 t parseColor
00100f68 000001ac T consoleDrawChar
00101114 00000124 T consolePrintChar
00101238 00000b00 T con_write
00101d38 000000f4 t newRow
00101e2c 00000168 T consoleInit
00101f94 000000d0 t gfxPresentFramebuffer
00102064 0000001c T gfxIsWide
00102080 000000ec T gfxSetScreenFormat
0010216c 00000010 T gfxSetDoubleBuffering
0010217c 000000e8 T gfxInit
00102264 00000010 T gfxInitDefault
00102274 000000b4 T gfxExit
00102328 000000a0 T gfxGetFramebuffer
001023c8 0000010c T gfxFlushBuffers
001024d4 00000050 T gfxSwapBuffers
00102524 00000050 T gfxSwapBuffersGpu
00102574 00000c58 t gspHardwareInit
001031cc 0000024c T gspInit
00103418 000000f0 T gspExit
00103508 00000010 T gspHasGpuRight
00103518 000000a0 T gspPresentBuffer
001035b8 00000050 T gspWaitForEvent
00103608 00000004 W gxCmdQueueInterrupt
0010360c 00000160 t gspEventThreadMain
0010376c 00000050 T GSPGPU_FlushDataCache
001037bc 00000034 T GSPGPU_SetLcdForceBlack
001037f0 00000068 T GSPGPU_AcquireRight
00103858 00000048 T GSPGPU_ReleaseRight
001038a0 0000007c T GSPGPU_ImportDisplayCaptureInfo
0010391c 0000002c T GSPGPU_SaveVramSysArea
00103948 0000002c T GSPGPU_RestoreVramSysArea
00103974 000001b0 t aptConvertScreenForCapture
00103b24 00000008 W aptDspSleep
00103b2c 00000004 W aptDspWakeup
00103b30 00000004 W aptDspCancel
00103b34 0000015c T aptSendCommand
00103c90 00000038 t aptExitProcess
00103cc8 000002f0 T aptExit
00103fb8 000000d8 T aptHandleSleep
00104090 00000084 T APT_SleepIfShellClosed
00104114 00000084 T aptSetSleepAllowed
00104198 00000084 T APT_UnlockTransition
00104220 00000484 t aptEventHandler
001046a4 000000b0 T APT_ReceiveParameter
00104754 000000b0 t aptReceiveParameter.constprop.0
00104808 000002bc t aptScreenTransfer
00104ac4 00000374 t aptWaitForWakeUp.isra.0
00104e38 000000f8 T aptJumpToHomeMenu
00104f30 0000004c T aptMainLoop
00104f7c 00000234 T aptInit
001051b0 0000007c T APT_CheckNew3DS
0010522c 00000024 W hidShouldUseIrrst
00105250 0000018c T hidInit
001053dc 000000e8 T hidExit
001054c4 000002a4 T hidScanInput
00105768 00000010 T hidKeysDown
00105778 00000038 W __libctru_init
001057b0 00000168 W __system_initArgv
00105918 T svcControlMemory
00105938 T svcQueryMemory
00105968 T svcExitProcess
00105970 T svcCreateThread
00105990 T svcExitThread
00105998 T svcSleepThread
001059a0 T svcReleaseMutex
001059a8 T svcCreateEvent
001059bc T svcSignalEvent
001059c4 T svcClearEvent
001059cc T svcMapMemoryBlock
001059d4 T svcUnmapMemoryBlock
001059dc T svcCreateAddressArbiter
001059f0 T svcArbitrateAddressNoTimeout
001059f8 T svcCloseHandle
00105a00 T svcWaitSynchronization
00105a08 T svcWaitSynchronizationN
00105a30 T svcDuplicateHandle
00105a44 T svcConnectToPort
00105a58 T svcSendSyncRequest
00105a60 T svcGetResourceLimit
00105a74 T svcGetResourceLimitLimitValues
00105a7c T svcGetResourceLimitCurrentValues
00105a84 T svcBreak
00105a8c W initSystem
00105adc W __ctru_exit
00105af4 00000024 t addrMapNodeComparator(rbtree_node const*, rbtree_node const*)
00105b18 00000004 t addrMapNodeDestructor(rbtree_node*)
00105b1c 00000258 T vramMemAlignAt
00105d74 0000000c T vramAlloc
00105d80 00000090 T vramFree
00105e10 00000024 t addrMapNodeComparator(rbtree_node const*, rbtree_node const*)
00105e34 00000004 t addrMapNodeDestructor(rbtree_node*)
00105e38 00000130 T linearMemAlign
00105f68 00000008 T linearAlloc
00105f70 0000005c T linearFree
00105fcc 00000080 T MemPool::CoalesceRight(MemBlock*)
0010604c 00000174 T MemPool::Allocate(MemChunk&, unsigned long, int)
001061c0 000000fc T MemPool::Deallocate(MemChunk const&)
001062bc 00000030 T MemPool::GetFreeSpace()
001062ec 0000000c T __sync_init
001062f8 00000018 T __sync_fini
00106310 0000002c T syncArbitrateAddress
0010633c 00000094 T LightLock_Lock
001063d0 00000040 T LightLock_Unlock
00106410 00000024 T RecursiveLock_Init
00106434 00000030 T RecursiveLock_Lock
00106464 00000054 T RecursiveLock_Unlock
001064b8 00000040 T LightEvent_Init
001064f8 000000a4 T LightEvent_Clear
0010659c 000000c8 T LightEvent_Signal
00106664 00000058 T LightEvent_TryWait
001066bc 000000b0 T LightEvent_Wait
0010676c 00000034 T __ctru_speedup_config
001067a0 00000124 T srvInit
001068c4 00000058 T srvExit
0010691c 00000080 T srvGetServiceHandleDirect
0010699c 00000048 T srvGetServiceHandle
001069e4 00000038 T srvPublishToSubscriber
00106a1c 00000188 T threadCreate
00106ba4 0000002c T threadFree
00106bd0 00000024 T threadJoin
00106bf4 00000030 T threadGetCurrent
00106c24 00000040 T threadExit
00106c64 00000044 t _thread_begin
00106ca8 00000094 t mappableFindAddressWithin
00106d3c 00000028 T mappableInit
00106d64 00000080 T mappableAlloc
00106de4 00000004 T mappableFree
00106de8 00000160 T irrstInit
00106f48 000000cc T irrstExit
00107014 000000b4 T irrstScanInput
001070c8 00000024 T irrstKeysHeld
001070ec 0000000c T srvPmGetSessionHandle
001070f8 00000074 T ptmSysmInit
0010716c 0000003c T ptmSysmExit
001071a8 00000034 T PTMSYSM_ConfigureNew3DSCPU
001071dc 00000010 T rbtree_init
001071ec 000001a8 t do_insert
00107394 00000008 T rbtree_insert
0010739c 00000090 T rbtree_rotate
0010742c 00000338 T rbtree_remove
00107764 00000074 T rbtree_find
001077d8 00000030 W __appInit
00107808 00000030 T __syscall_getreent
00107838 00000004 T __syscall_lock_acquire
0010783c 00000004 T __syscall_lock_release
00107840 00000004 T __syscall_lock_init_recursive
00107844 00000004 T __syscall_lock_acquire_recursive
00107848 00000004 T __syscall_lock_release_recursive
0010784c 00000004 T __syscall_exit
00107850 00000060 T __system_initSyscalls
001078b0 000001e0 W __system_allocateHeaps
00107a90 00000030 W __appExit
00107ac0 00000090 W __libctru_exit
00107b50 00000084 W envGetHandle
00107bd4 00000050 W envDestroyHandles
00107c24 00000014 t archive_link
00107c38 00000014 t archive_dirreset
00107c4c 00000014 t archive_chmod
00107c60 00000024 t error_cmp
00107c84 00000050 t archive_translate_error
00107cd4 000000d4 t archive_seek
00107da8 0000007c t _archiveInit.part.0
00107e24 0000008c t archiveFindDevice.part.0
00107eb0 00000260 t archive_utf16path
00108110 000000a0 t _archiveUnmountDeviceStruct.part.0
001081b0 00000014 t archive_fchmod
001081c4 00000014 t archive_statvfs
001081d8 00000158 t _archiveMountDevice
00108330 000000e8 t archive_diropen
00108418 000000a4 t archive_fstat
001084bc 0000006c t archive_close
00108528 0000006c t archive_fsync
00108594 00000070 t archive_dirclose
00108604 000000e8 t sdmc_statvfs
001086ec 00000080 t archive_ftruncate
0010876c 000000fc t archive_chdir
00108868 000000b0 t archive_read
00108918 000000ac t archive_unlink
001089c4 000000c8 t archive_rmdir
00108a8c 000000ec t archive_mkdir
00108b78 000001a8 t archive_stat
00108d20 0000026c t archive_rename
00108f8c 00000168 t archive_dirnext
001090f4 0000012c t archive_write
00109220 000001e8 t archive_open
00109408 000001a4 T archiveMountSdmc
001095ac 00000054 T archiveUnmountAll
00109600 000000c8 T fsInit
001096c8 0000003c T fsExit
00109704 00000060 T fsExemptFromSession
00109764 00000050 T fsUnexemptFromSession
001097b4 000000cc T FSUSER_OpenFile
00109880 000000bc T FSUSER_DeleteFile
0010993c 000000f8 T FSUSER_RenameFile
00109a34 000000bc T FSUSER_DeleteDirectory
00109af0 000000d4 T FSUSER_CreateFile
00109bc4 000000c4 T FSUSER_CreateDirectory
00109c88 000000f8 T FSUSER_RenameDirectory
00109d80 000000b4 T FSUSER_OpenDirectory
00109e34 00000094 T FSUSER_OpenArchive
00109ec8 0000008c T FSUSER_CloseArchive
00109f54 00000074 T FSUSER_GetSdmcArchiveResource
00109fc8 00000064 T FSUSER_IsSdmcWritable
0010a02c 00000058 T FSFILE_Read
0010a084 00000060 T FSFILE_Write
0010a0e4 00000038 T FSFILE_GetSize
0010a11c 00000028 T FSFILE_SetSize
0010a144 0000003c T FSFILE_Close
0010a180 00000024 T FSFILE_Flush
0010a1a4 00000050 T FSDIR_Read
0010a1f4 0000003c T FSDIR_Close
0010a230 00000058 T rbtree_node_next
0010a288 000000e8 T utf16_to_utf8
0010a370 00000064 T decode_utf16
0010a3d4 0000013c T decode_utf8
0010a510 000000c0 T utf8_to_utf16
0010a5d0 T __aeabi_read_tp
0010a5dc 00000060 T encode_utf16
0010a63c 000000fc T encode_utf8
0010a738 00000120 T __udivmoddi4
0010a858 00000078 T bsearch
0010a8d0 0000000c T __errno
0010a8dc 00000034 T exit
0010a910 00000258 T __sflush_r
0010ab68 00000094 T _fflush_r
0010abfc 0000000c T _cleanup_r
0010ac08 00000184 T __sinit
0010ad8c 0000000c T __sfp_lock_acquire
0010ad98 0000000c T __sfp_lock_release
0010ada4 0000003c T __libc_fini_array
0010ade0 000000f8 T _malloc_trim_r
0010aed8 000002e4 T _free_r
0010b1bc 00000070 T _fwalk_reent
0010b22c 0000007c T __libc_init_array
0010b2a8 00000028 T memalign
0010b2d0 00000150 T _memalign_r
0010b420 00000020 T malloc
0010b440 00000020 T free
0010b460 000007e0 T _malloc_r
0010bc40 000000e0 T memchr
0010bd20 0000011c T memcpy
0010be3c 00000118 T memset
0010bf54 0000000c T __malloc_lock
0010bf60 0000000c T __malloc_unlock
0010bf6c 000000e0 T _puts_r
0010c04c 00000020 T puts
0010c06c 00000260 T setvbuf
0010c2cc 00000074 T sscanf
0010c340 00000044 T __sread
0010c384 00000008 T __seofread
0010c38c 00000068 T __swrite
0010c3f4 00000048 T __sseek
0010c43c 00000008 T __sclose
0010c444 0000005c T strlen
0010c4a0 000000ec T strncat
0010c58c 000000dc T strncmp
0010c668 000000c0 T strncpy
0010c728 00000048 T strnlen
0010c770 000001c4 t _strtoul_l.constprop.0
0010c934 00000004 T _strtoul_r
0010c938 00000030 T strtoul
0010c968 00000050 t get_arg
0010c9b8 00002bbc T __ssvfscanf_r
0010f574 00000114 T __call_exitprocs
0010f688 00000160 T _fclose_r
0010f7e8 000004c0 T __sfvwrite_r
0010fca8 00000008 T iswspace
0010fcb0 0000000c T _localeconv_r
0010fcbc 00000010 T __locale_mb_cur_max
0010fccc 00000138 T __smakebuf_r
0010fe04 0000008c T __swhatbuf_r
0010fe90 00000068 T _mbrtowc_r
0010fef8 000002e4 T __utf8_mbtowc
001101dc 00000154 T memmove
00110330 00000028 T realloc
00110358 00000558 T _realloc_r
001108b0 000000e4 T __sccl
00110994 0000000c T nanf
001109a0 00000064 T sprintf
00110a04 000000b8 T stpncpy
00110abc 0000012c T strchr
00110be8 00001368 T _strtod_l
00111f50 0000000c T _strtod_r
00111f5c 0000022c t _strtoll_l.constprop.0
00112188 00000004 T _strtoll_r
0011218c 000001a4 t _strtol_l.part.0
00112330 0000003c T _strtol_r
0011236c 00000244 t _strtoull_l.constprop.0
001125b0 00000004 T _strtoull_r
001125b4 000000e0 T _sungetc_r
00112694 0000006c T __ssrefill_r
00112700 000000c8 T _sfread_r
001127c8 00000628 t get_arg
00112df0 000035b8 T _svfprintf_r
001163a8 000000a8 T __submore
00116450 00000054 T _wcrtomb_r
001164a4 00000028 T _wcsrtombs_r
001164cc 000000f0 T __utf8_wctomb
001165bc 00000154 T __swsetup_r
00116710 000001ac t quorem
001168c0 000012cc T _dtoa_r
00117b8c 000000ec t rshift
00117c78 00000904 T __gethex
0011857c 0000004c T __match
001185c8 0000029c T __hexnan
00118864 0000003c T iswspace_l
001188a0 000001d4 t __jp2uc
00118a74 0000009c T _jp2uc_l
00118b10 00000088 T _Balloc
00118b98 0000001c T _Bfree
00118bb4 000000f4 T __multadd
00118ca8 00000110 T __s2b
00118db8 00000058 T __hi0bits
00118e10 00000094 T __lo0bits
00118ea4 000000a4 T __i2b
00118f48 00000204 T __multiply
0011914c 00000120 T __pow5mult
0011926c 0000013c T __lshift
001193a8 00000058 T __mcmp
00119400 000001cc T __mdiff
001195cc 00000074 T __ulp
00119640 000000d0 T __b2d
00119710 00000124 T __d2b
00119834 00000078 T __ratio
001198ac 00000088 T __copybits
00119934 0000005c T __any_on
00119990 000000a8 T frexp
00119a38 00000010 T nan
00119a48 00000190 T __ssprint_r
00119bd8 00000190 T _wcsnrtombs_l
00119d68 0000004c T _wcsnrtombs_r
00119db4 00000054 T __assert_func
00119e08 000000bc T _calloc_r
00119ec4 00000084 T category
00119f48 0000003c T fiprintf
00119f84 00000628 t get_arg
0011a5ac 00000030 T __sprint_r
0011a5dc 0000233c T _vfiprintf_r
0011c918 000000d4 t __sbprintf
0011c9ec 00000014 T abort
0011ca00 00000098 T _raise_r
0011ca98 00000020 T raise
0011cab8 00000008 t null_write
0011cac0 00000018 T setDefaultDevice
0011cad8 000000c8 T FindDevice
0011cba0 00000028 T RemoveDevice
0011cbc8 0000009c T AddDevice
0011cc64 00000020 T GetDeviceOpTab
0011cc84 00000078 T _fstat_r
0011ccfc 00000014 T _getpid_r
0011cd10 00000008 T _isatty_r
0011cd18 00000014 T _kill_r
0011cd2c 00000084 T _lseek_r
0011cdb0 00000080 T _read_r
0011ce30 00000078 T _sbrk_r
0011cea8 00000080 T _write_r
0011cf28 00000020 T _exit
0011cf48 000001b8 T _concatenate_path
0011d100 00000160 T chdir
0011d260 00000008 T __flockfile
0011d268 00000008 T __funlockfile
0011d270 0000003c T __get_handle
0011d2ac 000000f4 T _close_r
0011d3a0 0000002c T __getreent
0011d3cc 0000001c T __libc_lock_acquire
0011d3e8 0000001c T __libc_lock_release
0011d404 0000001c T __libc_lock_init_recursive
0011d420 0000001c T __libc_lock_acquire_recursive
0011d43c 0000001c T __libc_lock_release_recursive
0011d458 0000001c T __libc_lock_close_recursive
0011d474 00000038 T __aeabi_d2lz
0011d474 00000038 T __fixdfdi
0011d4b0 00000040 T __aeabi_d2ulz
0011d4b0 00000040 T __fixunsdfdi
0011d4f0 00000044 T strrchr
0011d534 T _fini
0011e098 00000006 r colorCube
0011e0a0 00000030 r colorTable
0011e0d0 00000070 r dotab_stdout
0011e140 00000018 r grayScale
0011e17c 00000008 r morton_x.3
0011e184 00000008 r morton_y.2
0011e18c 00000008 r s_sleepWakeEvents.4
0011e1b8 R default_font_bin
0011e9b8 R default_font_bin_end
0011e9f0 00000070 r archive_devoptab
0011ea60 00000030 r error_table
0011ea98 00000004 R _global_impure_ptr
0011eaa4 00000022 r basefix.0
0011eac8 00000101 R _ctype_
0011ec24 00000014 r fpi.1
0011ec38 00000014 r fpinan.0
0011ec50 00000028 r tinytens
0011ecb4 00000010 r blanks.1
0011ecc4 00000010 r zeroes.0
0011ece4 r .LC2
0011ed84 00000100 R __hexdig
0011ee98 000000bc r a1
0011ef54 000000bc r a2
0011f010 0000005b r a3
0011f06c 00000070 r a6
0011f0dc 000000a2 r a7
0011f180 00000040 r a8
0011f1c0 0000172a r b02cf
001208ec 00001a7c r d02f4
00122368 0000000c R _C_numeric_locale
001223b8 00000028 R __mprec_bigtens
001223e0 000000c8 R __mprec_tens
001224a8 0000000c r p05.0
001224b4 0000006c R __action_table
00122520 00000100 R __chclass
00122620 0000006c R __state_table
001226cc 000031e6 r categories
001258b4 00000010 r blanks.1
001258c4 00000010 r zeroes.0
001258d4 00000070 R dotab_stdnull
00125944 r 
00125944 R __exidx_end
00125944 R __exidx_start
00126000 00000004 D currentConsole
00126004 00000048 D defaultConsole
0012604c 00000001 d firstConsoleInit.0
00126050 00000004 d kCount
00126054 00000004 d kDelay
00126058 00000004 d kInterval
0012605c W __stacksize__
00126060 00000004 D _impure_ptr
00126068 00000460 d impure_data
001264c8 00000408 D __malloc_av_
001268d0 00000004 D __malloc_sbrk_base
001268d4 00000004 D __malloc_trim_threshold
001268d8 0000016c D __global_locale
00126a44 00000002 d numempty
00126a48 00000004 d defaultDevice
00126a4c 0000008c D devoptab_list
00126ad8 00000400 d _current_working_directory
00126ed8 0000000c d __stderr_handle
00126ee4 0000000c d __stdin_handle
00126ef0 0000000c d __stdout_handle
00126efc 00001000 d handles
00127f04 d _GLOBAL_OFFSET_TABLE_
00127f10 d __frame_dummy_init_array_entry
00127f10 D __init_array_start
00127f10 B __preinit_array_end
00127f10 B __preinit_array_start
00127f10 D __tdata_lma
00127f10 D __tdata_lma_end
00127f14 d __do_global_dtors_aux_fini_array_entry
00127f14 D __fini_array_start
00127f14 D __init_array_end
00127f18 D __bss_start__
00127f18 D __fini_array_end
00127f18 b completed.1
00127f1c b object.0
00127f34 00000048 B currentCopy
00127f7c 00000004 b gfxBottomFramebufferMaxSize
00127f80 00000008 b gfxBottomFramebuffers
00127f88 00000002 b gfxCurBuf
00127f8c 00000002 b gfxFramebufferFormats
00127f90 00000002 b gfxIsDoubleBuf
00127f92 00000001 b gfxIsVram
00127f94 00000004 b gfxTopFramebufferMaxSize
00127f98 00000008 b gfxTopFramebuffers
00127fa0 00000001 b gfxTopMode
00127fa4 00000004 b screenAlloc
00127fa8 00000004 b screenFree
00127fac 00000004 b gspEvent
00127fb0 0000001c b gspEventCb
00127fcc 0000001c b gspEventCbData
00127fe8 00000007 b gspEventCbOneShot
00127ff0 00000004 b gspEventThread
00127ff4 00000038 b gspEvents
0012802c 00000004 b gspGpuHandle
00128030 00000001 b gspGpuRight
00128034 00000004 b gspLastEvent
00128038 00000004 b gspRefCount
0012803c 00000001 b gspRunEvents
00128040 00000004 b gspSharedMem
00128044 00000004 b gspSharedMemHandle
00128048 00000001 b gspThreadId
00128049 00000001 b aptChainloadFlags
0012804a 00000001 b aptChainloadMediatype
00128050 00000008 b aptChainloadTid
00128058 00000004 b aptEventHandlerThread
0012805c 00000001 b aptEventHandlerThreadQuit
00128060 00000008 b aptEvents
00128068 0000000c b aptFirstHook
00128074 00000004 b aptFlags
00128078 00000001 b aptHomeButtonState
0012807c 00000004 b aptLockHandle
00128080 00000004 b aptMessageFunc
00128084 00000004 b aptMessageFuncData
00128088 00001000 b aptParameters
00129088 00000008 b aptReceiveEvent
00129090 00000004 b aptRefCount
00129094 00000008 b aptSleepEvent
0012909c 00000001 b flagInit.1
0012909d 00000001 b flagValue.0
001290a0 00000004 b serviceName.6
001290a4 00000006 b aVec
001290ac 00000004 b cPos
001290b0 00000006 b gRate
001290b8 00000014 B hidEvents
001290cc 00000004 B hidHandle
001290d0 00000004 B hidMemHandle
001290d4 00000004 b hidRefCount
001290d8 00000004 B hidSharedMem
001290dc 00000004 b kDown
001290e0 00000004 b kHeld
001290e4 00000004 b kOld
001290e8 00000004 b kRepeat
001290ec 00000004 b kUp
001290f0 00000004 b tPos
001290f4 00000001 b usingIrrst
001290f8 00000004 B __system_retAddr
001290fc 00000004 B __system_argc
00129100 00000004 B __system_argv
00129104 b saved_stack
0012910c 00000008 b sVramPoolA
00129114 00000008 b sVramPoolB
0012911c 0000000c b sAddrMap
00129128 00000008 b sLinearPool
00129130 0000000c b sAddrMap
0012913c 00000004 b arbiter
00129140 00000001 V __ctru_speedup
00129144 00000004 B __3dslink_host
00129148 00000004 b srvHandle
0012914c 00000004 b srvRefCount
00129150 00000004 b currentAddr
00129154 00000004 b maxAddr
00129158 00000004 b minAddr
0012915c 00000004 b csPos
00129160 00000004 B irrstEvent
00129164 00000004 B irrstHandle
00129168 00000004 B irrstMemHandle
0012916c 00000004 b irrstRefCount
00129170 00000004 B irrstSharedMem
00129174 00000004 b kHeld
00129178 00000004 b srvPmHandle
0012917c 00000004 b ptmSysmHandle
00129180 00000004 b ptmSysmRefCount
00129184 00000004 B __ctru_heap
00129188 00000004 V __ctru_heap_size
0012918c 00000004 B __ctru_linear_heap
00129190 00000004 V __ctru_linear_heap_size
00129194 00000004 b archive_device_cwd
00129198 00000540 b archive_devices
001296d8 00000001 b archive_initialized
001296e0 00000080 b fsExemptArchives
00129760 00000004 b fsuHandle
00129764 00000004 b fsuRefCount
00129768 0000000c b __sfp_recursive_mutex
00129774 0000000c b __sinit_recursive_mutex
00129780 00000028 B __malloc_current_mallinfo
001297a8 00000004 B __malloc_max_sbrked_mem
001297ac 00000004 B __malloc_max_total_mem
001297b0 00000004 B __malloc_top_pad
001297b4 0000000c b __malloc_recursive_mutex
001297c0 0000000c B __atexit_recursive_mutex
001297cc 00000004 b heap_start.0
001297d0 00000004 B fake_heap_end
001297d4 00000004 B fake_heap_start
001297d8 00000400 b temp_cwd
00129bd8 00000004 b __hndl_lock
00129bdc B __tls_start
0012a7e4 B __bss_end__
0012a7e4 A __end__
0012a7e4 B __tls_end
